[  403209ms] [WARNING] [Fast Refresh] performing full reload

Fast Refresh will perform a full reload when you edit a file that's imported by modules outside of the React rendering tree.
You might have a file which exports a React component but also exports a value that is imported by a non-React component file.
Consider migrating the non-React component export to a separate file and importing it into both files.

It is also possible the parent component of the component you edited is a class component, which disables Fast Refresh.
Fast Refresh requires at least one parent function component in your React tree. @ http://localhost:3000/_next/static/chunks/de678_next_dist_2409c4a3._.js:2297
[  421550ms] ReferenceError: React is not defined
    at AllStatesChart (http://localhost:3000/_next/static/chunks/projetos_ods18_ods18_8c286b40._.js?id=%255Bproject%255D%252Fprojetos%252Fods18%252Fods18%252Fapp%252FClientComponents.tsx+%255Bapp-client%255D+%2528ecmascript%2529:66:45)
    at Object.react_stack_bottom_frame (http://localhost:3000/_next/static/chunks/de678_next_dist_compiled_react-dom_544338fd._.js:14826:24)
    at renderWithHooks (http://localhost:3000/_next/static/chunks/de678_next_dist_compiled_react-dom_544338fd._.js:4651:24)
    at updateFunctionComponent (http://localhost:3000/_next/static/chunks/de678_next_dist_compiled_react-dom_544338fd._.js:6112:21)
    at beginWork (http://localhost:3000/_next/static/chunks/de678_next_dist_compiled_react-dom_544338fd._.js:6708:24)
    at runWithFiberInDEV (http://localhost:3000/_next/static/chunks/de678_next_dist_compiled_react-dom_544338fd._.js:965:74)
    at performUnitOfWork (http://localhost:3000/_next/static/chunks/de678_next_dist_compiled_react-dom_544338fd._.js:9562:97)
    at workLoopSync (http://localhost:3000/_next/static/chunks/de678_next_dist_compiled_react-dom_544338fd._.js:9456:40)
    at renderRootSync (http://localhost:3000/_next/static/chunks/de678_next_dist_compiled_react-dom_544338fd._.js:9440:13)
    at performWorkOnRoot (http://localhost:3000/_next/static/chunks/de678_next_dist_compiled_react-dom_544338fd._.js:9105:47)
    at performSyncWorkOnRoot (http://localhost:3000/_next/static/chunks/de678_next_dist_compiled_react-dom_544338fd._.js:10238:9)
    at flushSyncWorkAcrossRoots_impl (http://localhost:3000/_next/static/chunks/de678_next_dist_compiled_react-dom_544338fd._.js:10154:316)
    at flushSyncWork$1 (http://localhost:3000/_next/static/chunks/de678_next_dist_compiled_react-dom_544338fd._.js:9237:86)
    at Object.scheduleRefresh (http://localhost:3000/_next/static/chunks/de678_next_dist_compiled_react-dom_544338fd._.js:299:13)
    at http://localhost:3000/_next/static/chunks/de678_next_dist_compiled_b727bb3a._.js:391:33
    at Set.forEach (<anonymous>)
    at Object.performReactRefresh (http://localhost:3000/_next/static/chunks/de678_next_dist_compiled_b727bb3a._.js:384:38)
    at applyUpdate (http://localhost:3000/_next/static/chunks/de678_next_dist_compiled_b727bb3a._.js:878:31)
    at http://localhost:3000/_next/static/chunks/de678_next_dist_compiled_b727bb3a._.js:886:13
[  436125ms] [WARNING] [HMR] Invalid message: {"isTrusted":true}
TypeError: Cannot convert undefined or null to object
    at Object.keys (<anonymous>)
    at extractModulesFromTurbopackMessage (http://localhost:3000/_next/static/chunks/de678_next_dist_client_ba4ea126._.js:11210:39)
    at TurbopackHmr.onTurbopackMessage (http://localhost:3000/_next/static/chunks/de678_next_dist_client_ba4ea126._.js:11157:32)
    at processMessage (http://localhost:3000/_next/static/chunks/de678_next_dist_client_ba4ea126._.js:11589:30)
    at WebSocket.handleMessage (http://localhost:3000/_next/static/chunks/de678_next_dist_client_ba4ea126._.js:10914:52) @ http://localhost:3000/_next/static/chunks/de678_next_dist_2409c4a3._.js:2297
[  436144ms] [ERROR] Failed to load resource: the server responded with a status of 500 (Internal Server Error) @ http://localhost:3000/:0
[  436628ms] ReferenceError: React is not defined
    at AllStatesChart (http://localhost:3000/_next/static/chunks/projetos_ods18_ods18_1a517ff3._.js:657:45)
    at Object.react_stack_bottom_frame (http://localhost:3000/_next/static/chunks/de678_next_dist_compiled_react-dom_544338fd._.js:14826:24)
    at renderWithHooks (http://localhost:3000/_next/static/chunks/de678_next_dist_compiled_react-dom_544338fd._.js:4651:24)
    at updateFunctionComponent (http://localhost:3000/_next/static/chunks/de678_next_dist_compiled_react-dom_544338fd._.js:6112:21)
    at beginWork (http://localhost:3000/_next/static/chunks/de678_next_dist_compiled_react-dom_544338fd._.js:6687:639)
    at runWithFiberInDEV (http://localhost:3000/_next/static/chunks/de678_next_dist_compiled_react-dom_544338fd._.js:965:74)
    at performUnitOfWork (http://localhost:3000/_next/static/chunks/de678_next_dist_compiled_react-dom_544338fd._.js:9562:97)
    at workLoopSync (http://localhost:3000/_next/static/chunks/de678_next_dist_compiled_react-dom_544338fd._.js:9456:40)
    at renderRootSync (http://localhost:3000/_next/static/chunks/de678_next_dist_compiled_react-dom_544338fd._.js:9440:13)
    at performWorkOnRoot (http://localhost:3000/_next/static/chunks/de678_next_dist_compiled_react-dom_544338fd._.js:9105:47)
    at performWorkOnRootViaSchedulerTask (http://localhost:3000/_next/static/chunks/de678_next_dist_compiled_react-dom_544338fd._.js:10230:9)
    at MessagePort.performWorkUntilDeadline (http://localhost:3000/_next/static/chunks/de678_next_dist_compiled_b727bb3a._.js:2647:64)
[  439655ms] [WARNING] The resource http://localhost:3000/_next/static/chunks/%5Broot-of-the-server%5D__c2cdfbf1._.css was preloaded using link preload but not used within a few seconds from the window's load event. Please make sure it has an appropriate `as` value and it is preloaded intentionally. @ http://localhost:3000/:0
